Using pre-set license
Built from '2020.3/staging' branch; Version is '2020.3.17f1 (a4537701e4ab) revision 10769271'; Using compiler version '192528614'; Build Type 'Release'
OS: 'Windows 10 Pro; OS build 19041.1237; Version 2004; 64bit' Language: 'ru' Physical Memory: 16315 MB
BatchMode: 1, IsHumanControllingUs: 0, StartBugReporterOnCrash: 0, Is64bit: 1, IsPro: 0

COMMAND LINE ARGUMENTS:
C:\Program Files\Unity\Hub\Editor\2020.3.17f1\Editor\Unity.exe
-adb2
-batchMode
-noUpm
-name
AssetImportWorker0
-projectPath
C:/Users/llogv/Games/Puzzle Cubes
-logFile
Logs/AssetImportWorker0.log
-srvPort
55264
Successfully changed project path to: C:/Users/llogv/Games/Puzzle Cubes
C:/Users/llogv/Games/Puzzle Cubes
Using Asset Import Pipeline V2.
Refreshing native plugins compatible for Editor in 48.06 ms, found 3 plugins.
Preloading 0 native plugins for Editor in 0.00 ms.
Initialize engine version: 2020.3.17f1 (a4537701e4ab)
[Subsystems] Discovering subsystems at path C:/Program Files/Unity/Hub/Editor/2020.3.17f1/Editor/Data/Resources/UnitySubsystems
[Subsystems] Discovering subsystems at path C:/Users/llogv/Games/Puzzle Cubes/Assets
GfxDevice: creating device client; threaded=0
Direct3D:
    Version:  Direct3D 11.0 [level 11.1]
    Renderer: NVIDIA GeForce GTX 1660 SUPER (ID=0x21c4)
    Vendor:   
    VRAM:     5991 MB
    Driver:   27.21.14.6192
Initialize mono
Mono path[0] = 'C:/Program Files/Unity/Hub/Editor/2020.3.17f1/Editor/Data/Managed'
Mono path[1] = 'C:/Program Files/Unity/Hub/Editor/2020.3.17f1/Editor/Data/MonoBleedingEdge/lib/mono/unityjit'
Mono config path = 'C:/Program Files/Unity/Hub/Editor/2020.3.17f1/Editor/Data/MonoBleedingEdge/etc'
Using monoOptions --debugger-agent=transport=dt_socket,embedding=1,server=y,suspend=n,address=127.0.0.1:56364
Begin MonoManager ReloadAssembly
Registering precompiled unity dll's ...
Register platform support module: C:/Program Files/Unity/Hub/Editor/2020.3.17f1/Editor/Data/PlaybackEngines/WindowsStandaloneSupport/UnityEditor.WindowsStandalone.Extensions.dll
Registered in 0.001622 seconds.
Native extension for WindowsStandalone target not found
Refreshing native plugins compatible for Editor in 48.54 ms, found 3 plugins.
Preloading 0 native plugins for Editor in 0.00 ms.
Mono: successfully reloaded assembly
- Completed reload, in  1.542 seconds
Domain Reload Profiling:
	ReloadAssembly (1543ms)
		BeginReloadAssembly (46ms)
			ExecutionOrderSort (0ms)
			DisableScriptedObjects (0ms)
			BackupInstance (0ms)
			ReleaseScriptingObjects (0ms)
			CreateAndSetChildDomain (1ms)
		EndReloadAssembly (379ms)
			LoadAssemblies (44ms)
			RebuildTransferFunctionScriptingTraits (0ms)
			SetupTypeCache (131ms)
			ReleaseScriptCaches (0ms)
			RebuildScriptCaches (26ms)
			SetupLoadedEditorAssemblies (154ms)
				LogAssemblyErrors (0ms)
				InitializePlatformSupportModulesInManaged (3ms)
				SetLoadedEditorAssemblies (0ms)
				RefreshPlugins (49ms)
				BeforeProcessingInitializeOnLoad (11ms)
				ProcessInitializeOnLoadAttributes (67ms)
				ProcessInitializeOnLoadMethodAttributes (23ms)
				AfterProcessingInitializeOnLoad (0ms)
				EditorAssembliesLoaded (0ms)
			ExecutionOrderSort2 (0ms)
			AwakeInstancesAfterBackupRestoration (0ms)
Platform modules already initialized, skipping
Registering precompiled user dll's ...
Registered in 0.004131 seconds.
Begin MonoManager ReloadAssembly
Native extension for WindowsStandalone target not found
Refreshing native plugins compatible for Editor in 47.16 ms, found 3 plugins.
Preloading 0 native plugins for Editor in 0.00 ms.
Mono: successfully reloaded assembly
- Completed reload, in  1.018 seconds
Domain Reload Profiling:
	ReloadAssembly (1019ms)
		BeginReloadAssembly (122ms)
			ExecutionOrderSort (0ms)
			DisableScriptedObjects (4ms)
			BackupInstance (0ms)
			ReleaseScriptingObjects (0ms)
			CreateAndSetChildDomain (15ms)
		EndReloadAssembly (843ms)
			LoadAssemblies (76ms)
			RebuildTransferFunctionScriptingTraits (0ms)
			SetupTypeCache (249ms)
			ReleaseScriptCaches (0ms)
			RebuildScriptCaches (41ms)
			SetupLoadedEditorAssemblies (367ms)
				LogAssemblyErrors (0ms)
				InitializePlatformSupportModulesInManaged (3ms)
				SetLoadedEditorAssemblies (0ms)
				RefreshPlugins (47ms)
				BeforeProcessingInitializeOnLoad (65ms)
				ProcessInitializeOnLoadAttributes (235ms)
				ProcessInitializeOnLoadMethodAttributes (11ms)
				AfterProcessingInitializeOnLoad (5ms)
				EditorAssembliesLoaded (0ms)
			ExecutionOrderSort2 (0ms)
			AwakeInstancesAfterBackupRestoration (6ms)
Platform modules already initialized, skipping
========================================================================
Worker process is ready to serve import requests
Launched and connected shader compiler UnityShaderCompiler.exe after 0.05 seconds
Refreshing native plugins compatible for Editor in 0.82 ms, found 3 plugins.
Preloading 0 native plugins for Editor in 0.00 ms.
Unloading 2150 Unused Serialized files (Serialized files now loaded: 0)
System memory in use before: 96.7 MB.
System memory in use after: 96.8 MB.

Unloading 30 unused Assets to reduce memory usage. Loaded Objects now: 2604.
Total: 2.677500 ms (FindLiveObjects: 0.179600 ms CreateObjectMapping: 0.072500 ms MarkObjects: 2.371100 ms  DeleteObjects: 0.053200 ms)

AssetImportParameters requested are different than current active one (requested -> active):
  custom:framework-win-MediaFoundation: 216162199b28c13a410421893ffa2e32 -> 
  custom:video-decoder-ogg-theora: a1e56fd34408186e4bbccfd4996cb3dc -> 
  custom:container-muxer-webm: aa71ff27fc2769a1b78a27578f13a17b -> 
  custom:container-demuxer-webm: 4f35f7cbe854078d1ac9338744f61a02 -> 
  custom:container-demuxer-ogg: 62fdf1f143b41e24485cea50d1cbac27 -> 
  custom:video-encoder-webm-vp8: eb34c28f22e8b96e1ab97ce403110664 -> 
  custom:video-decoder-webm-vp8: 9c59270c3fd7afecdb556c50c9e8de78 -> 
  custom:audio-decoder-ogg-vorbis: bf7c407c2cedff20999df2af8eb42d56 -> 
  custom:audio-encoder-webm-vorbis: bf7c407c2cedff20999df2af8eb42d56 -> 
========================================================================
Received Import Request.
  path: Assets/Sprites/Animations
  artifactKey: Guid(d817ba5dab139e849a4bf706b07fea68) Importer(815301076,1909f56bfc062723c751e8b465ee728b)
Start importing Assets/Sprites/Animations using Guid(d817ba5dab139e849a4bf706b07fea68) Importer(815301076,1909f56bfc062723c751e8b465ee728b)  -> (artifact id: 'dc0ddafe0609b1023dabed444d869d76') in 0.008620 seconds 
  Import took 0.011324 seconds .

========================================================================
Received Import Request.
  Time since last request: 1543.792974 seconds.
  path: Assets/Sprites/Animations/a01/a02_00000.png
  artifactKey: Guid(90b809810b3bf3442bc6df0cc2558ba5) Importer(815301076,1909f56bfc062723c751e8b465ee728b)
Start importing Assets/Sprites/Animations/a01/a02_00000.png using Guid(90b809810b3bf3442bc6df0cc2558ba5) Importer(815301076,1909f56bfc062723c751e8b465ee728b)  -> (artifact id: '8a2ea976b36b0e74a18b01f73cc6f8df') in 0.167516 seconds 
  Import took 0.171006 seconds .

========================================================================
Received Import Request.
  Time since last request: 0.000216 seconds.
  path: Assets/Sprites/Animations/a01/a02_00006.png
  artifactKey: Guid(ffb4e48b4d828a848849508f08c765bd) Importer(815301076,1909f56bfc062723c751e8b465ee728b)
Start importing Assets/Sprites/Animations/a01/a02_00006.png using Guid(ffb4e48b4d828a848849508f08c765bd) Importer(815301076,1909f56bfc062723c751e8b465ee728b)  -> (artifact id: '13d801f330f81941bbe22ff29d84414a') in 0.054923 seconds 
  Import took 0.057593 seconds .

========================================================================
Received Import Request.
  Time since last request: 0.000126 seconds.
  path: Assets/Sprites/Animations/a01/a02_00013.png
  artifactKey: Guid(70399d293de28ba4f99d5e59361905d3) Importer(815301076,1909f56bfc062723c751e8b465ee728b)
Start importing Assets/Sprites/Animations/a01/a02_00013.png using Guid(70399d293de28ba4f99d5e59361905d3) Importer(815301076,1909f56bfc062723c751e8b465ee728b)  -> (artifact id: '8a80cfbee2ec851dc9e502c24dbe4606') in 0.045439 seconds 
  Import took 0.048121 seconds .

========================================================================
Received Import Request.
  Time since last request: 0.000205 seconds.
  path: Assets/Sprites/Animations/a01/a02_00011.png
  artifactKey: Guid(c8994413c0c37cb49955341cd0a1f08e) Importer(815301076,1909f56bfc062723c751e8b465ee728b)
Start importing Assets/Sprites/Animations/a01/a02_00011.png using Guid(c8994413c0c37cb49955341cd0a1f08e) Importer(815301076,1909f56bfc062723c751e8b465ee728b)  -> (artifact id: 'e9dcaa0275b114d5c7acee080279bf0f') in 0.044921 seconds 
  Import took 0.047765 seconds .

========================================================================
Received Import Request.
  Time since last request: 0.000206 seconds.
  path: Assets/Sprites/Animations/a01/a02_00017.png
  artifactKey: Guid(1825328ca5a969046b59b2de06d48ee9) Importer(815301076,1909f56bfc062723c751e8b465ee728b)
Start importing Assets/Sprites/Animations/a01/a02_00017.png using Guid(1825328ca5a969046b59b2de06d48ee9) Importer(815301076,1909f56bfc062723c751e8b465ee728b)  -> (artifact id: '05f5601f157bbddda51969bfe44db68a') in 0.044484 seconds 
  Import took 0.047342 seconds .

========================================================================
Received Import Request.
  Time since last request: 0.000223 seconds.
  path: Assets/Sprites/Animations/a01/a02_00012.png
  artifactKey: Guid(fe98a81fd910ad0418bedab345f7e8fd) Importer(815301076,1909f56bfc062723c751e8b465ee728b)
Start importing Assets/Sprites/Animations/a01/a02_00012.png using Guid(fe98a81fd910ad0418bedab345f7e8fd) Importer(815301076,1909f56bfc062723c751e8b465ee728b)  -> (artifact id: 'adde5c3f2101be73e1022057cb19f1e8') in 0.043290 seconds 
  Import took 0.045974 seconds .

========================================================================
Received Import Request.
  Time since last request: 0.000207 seconds.
  path: Assets/Sprites/Animations/a01/a02_00014.png
  artifactKey: Guid(d30b324d43673e7418c2aefed6c46958) Importer(815301076,1909f56bfc062723c751e8b465ee728b)
Start importing Assets/Sprites/Animations/a01/a02_00014.png using Guid(d30b324d43673e7418c2aefed6c46958) Importer(815301076,1909f56bfc062723c751e8b465ee728b)  -> (artifact id: '4cbbcb819b041095ca6f697f48d5bc22') in 0.043672 seconds 
  Import took 0.046341 seconds .

========================================================================
Received Import Request.
  Time since last request: 0.000176 seconds.
  path: Assets/Sprites/Animations/a01/a02_00004.png
  artifactKey: Guid(d525242ef13aa2a40adfb606511c3424) Importer(815301076,1909f56bfc062723c751e8b465ee728b)
Start importing Assets/Sprites/Animations/a01/a02_00004.png using Guid(d525242ef13aa2a40adfb606511c3424) Importer(815301076,1909f56bfc062723c751e8b465ee728b)  -> (artifact id: 'd2f93b7f8f93d9ddc2194e7c4df71a04') in 0.043962 seconds 
  Import took 0.048464 seconds .

========================================================================
Received Import Request.
  Time since last request: 0.000204 seconds.
  path: Assets/Sprites/Animations/a01/a02_00005.png
  artifactKey: Guid(9bb176055d480bb4180d0fb379426120) Importer(815301076,1909f56bfc062723c751e8b465ee728b)
Start importing Assets/Sprites/Animations/a01/a02_00005.png using Guid(9bb176055d480bb4180d0fb379426120) Importer(815301076,1909f56bfc062723c751e8b465ee728b)  -> (artifact id: '77fcc0f4723aeadae7d4041b9abbc993') in 0.043606 seconds 
  Import took 0.046253 seconds .

========================================================================
Received Import Request.
  Time since last request: 0.000206 seconds.
  path: Assets/Sprites/Animations/a01/a02_00008.png
  artifactKey: Guid(8fad0d2b755532040a5368e9e40986a5) Importer(815301076,1909f56bfc062723c751e8b465ee728b)
Start importing Assets/Sprites/Animations/a01/a02_00008.png using Guid(8fad0d2b755532040a5368e9e40986a5) Importer(815301076,1909f56bfc062723c751e8b465ee728b)  -> (artifact id: '469f6b7221a8962c14e2a1ea89f28fd6') in 0.044015 seconds 
  Import took 0.047030 seconds .

========================================================================
Received Import Request.
  Time since last request: 0.000206 seconds.
  path: Assets/Sprites/Animations/a01/a02_00001.png
  artifactKey: Guid(384835d99ebc87e47847217cdc89a1a1) Importer(815301076,1909f56bfc062723c751e8b465ee728b)
Start importing Assets/Sprites/Animations/a01/a02_00001.png using Guid(384835d99ebc87e47847217cdc89a1a1) Importer(815301076,1909f56bfc062723c751e8b465ee728b)  -> (artifact id: 'a369c86e1d345691c3364641b7a0cd4f') in 0.044720 seconds 
  Import took 0.047363 seconds .

========================================================================
Received Import Request.
  Time since last request: 0.000246 seconds.
  path: Assets/Sprites/Animations/a01/a02_00009.png
  artifactKey: Guid(fb3deaefc15088e4a95f2d30cbfce3f6) Importer(815301076,1909f56bfc062723c751e8b465ee728b)
Start importing Assets/Sprites/Animations/a01/a02_00009.png using Guid(fb3deaefc15088e4a95f2d30cbfce3f6) Importer(815301076,1909f56bfc062723c751e8b465ee728b)  -> (artifact id: '8157bcb460a15c4188be8f9accbc0833') in 0.044774 seconds 
  Import took 0.047851 seconds .

========================================================================
Received Import Request.
  Time since last request: 0.000249 seconds.
  path: Assets/Sprites/Animations/a01/a02_00007.png
  artifactKey: Guid(c51a5a19543c0f8498bb0f2eb7a5ca9b) Importer(815301076,1909f56bfc062723c751e8b465ee728b)
Start importing Assets/Sprites/Animations/a01/a02_00007.png using Guid(c51a5a19543c0f8498bb0f2eb7a5ca9b) Importer(815301076,1909f56bfc062723c751e8b465ee728b)  -> (artifact id: 'cec0d1376320179aea4ec3ba002a7b40') in 0.044458 seconds 
  Import took 0.047620 seconds .

========================================================================
Received Import Request.
  Time since last request: 0.000235 seconds.
  path: Assets/Sprites/Animations/a01/a02_00003.png
  artifactKey: Guid(e65dcaf84c7554248a67ff282ba041ff) Importer(815301076,1909f56bfc062723c751e8b465ee728b)
Start importing Assets/Sprites/Animations/a01/a02_00003.png using Guid(e65dcaf84c7554248a67ff282ba041ff) Importer(815301076,1909f56bfc062723c751e8b465ee728b)  -> (artifact id: '3d92ee948374a3491d1e89a15fad011f') in 0.045261 seconds 
  Import took 0.048415 seconds .

========================================================================
Received Import Request.
  Time since last request: 0.000219 seconds.
  path: Assets/Sprites/Animations/a01/a02_00015.png
  artifactKey: Guid(302e933a6d206d14caecceb22a23d78f) Importer(815301076,1909f56bfc062723c751e8b465ee728b)
Start importing Assets/Sprites/Animations/a01/a02_00015.png using Guid(302e933a6d206d14caecceb22a23d78f) Importer(815301076,1909f56bfc062723c751e8b465ee728b)  -> (artifact id: 'a889279d634e344516c616eacc97e913') in 0.046903 seconds 
  Import took 0.049632 seconds .

========================================================================
Received Import Request.
  Time since last request: 0.000123 seconds.
  path: Assets/Sprites/Animations/a01/a02_00016.png
  artifactKey: Guid(5a0eea27cf9524940b3b7fe94ff5768d) Importer(815301076,1909f56bfc062723c751e8b465ee728b)
Start importing Assets/Sprites/Animations/a01/a02_00016.png using Guid(5a0eea27cf9524940b3b7fe94ff5768d) Importer(815301076,1909f56bfc062723c751e8b465ee728b)  -> (artifact id: '3bd48d767de32d07c8aed8413607577f') in 0.043650 seconds 
  Import took 0.046392 seconds .

========================================================================
Received Import Request.
  Time since last request: 0.000138 seconds.
  path: Assets/Sprites/Animations/a01/a02_00010.png
  artifactKey: Guid(93e05eb747213884c9a5bc181c822277) Importer(815301076,1909f56bfc062723c751e8b465ee728b)
Start importing Assets/Sprites/Animations/a01/a02_00010.png using Guid(93e05eb747213884c9a5bc181c822277) Importer(815301076,1909f56bfc062723c751e8b465ee728b)  -> (artifact id: 'd019b3d88de1829a8c6e16c053d1f582') in 0.043854 seconds 
  Import took 0.046991 seconds .

========================================================================
Received Import Request.
  Time since last request: 0.000212 seconds.
  path: Assets/Sprites/Animations/a01/a02_00018.png
  artifactKey: Guid(1f4cbebd25d0cc540b239de254cc8781) Importer(815301076,1909f56bfc062723c751e8b465ee728b)
Start importing Assets/Sprites/Animations/a01/a02_00018.png using Guid(1f4cbebd25d0cc540b239de254cc8781) Importer(815301076,1909f56bfc062723c751e8b465ee728b)  -> (artifact id: 'a4594f8f5096d1cd2368bb85f8c00c41') in 0.045631 seconds 
  Import took 0.048730 seconds .

========================================================================
Received Import Request.
  Time since last request: 0.000245 seconds.
  path: Assets/Sprites/Animations/a01/a02_00002.png
  artifactKey: Guid(f3f98a9d99a3371408734ddf9f75db51) Importer(815301076,1909f56bfc062723c751e8b465ee728b)
Start importing Assets/Sprites/Animations/a01/a02_00002.png using Guid(f3f98a9d99a3371408734ddf9f75db51) Importer(815301076,1909f56bfc062723c751e8b465ee728b)  -> (artifact id: '74ff7f3c2c68b4a816d8f20ca667c8f1') in 0.044430 seconds 
  Import took 0.047086 seconds .

========================================================================
Received Import Request.
  Time since last request: 11.312729 seconds.
  path: Assets/Sprites/Animations/Animals
  artifactKey: Guid(24924913e63582a4e804aefd73f5e323) Importer(815301076,1909f56bfc062723c751e8b465ee728b)
Start importing Assets/Sprites/Animations/Animals using Guid(24924913e63582a4e804aefd73f5e323) Importer(815301076,1909f56bfc062723c751e8b465ee728b)  -> (artifact id: '956bd193afa0b32446289b37d8e8eef1') in 0.006164 seconds 
  Import took 0.009424 seconds .

========================================================================
Received Import Request.
  Time since last request: 1.759508 seconds.
  path: Assets/Sprites/Animations/a01
  artifactKey: Guid(621df14f9cc09d144aaa6239a2df0afa) Importer(815301076,1909f56bfc062723c751e8b465ee728b)
Start importing Assets/Sprites/Animations/a01 using Guid(621df14f9cc09d144aaa6239a2df0afa) Importer(815301076,1909f56bfc062723c751e8b465ee728b)  -> (artifact id: '57d4a3a9f6cfd90db1a2ac8d052ff3ce') in 0.005722 seconds 
  Import took 0.008658 seconds .

========================================================================
Received Import Request.
  Time since last request: 0.843037 seconds.
  path: Assets/Sprites/Animations/a05
  artifactKey: Guid(100a28a756c468f47babdbe9aee30d6f) Importer(815301076,1909f56bfc062723c751e8b465ee728b)
Start importing Assets/Sprites/Animations/a05 using Guid(100a28a756c468f47babdbe9aee30d6f) Importer(815301076,1909f56bfc062723c751e8b465ee728b)  -> (artifact id: 'd3e853c43b93a092f38b3588532e3007') in 0.005495 seconds 
  Import took 0.009454 seconds .

========================================================================
Received Import Request.
  Time since last request: 15.435498 seconds.
  path: Assets/Sprites/Animations/Birds
  artifactKey: Guid(2d2551c7a62386a4ab9aa3f91bf5d160) Importer(815301076,1909f56bfc062723c751e8b465ee728b)
Start importing Assets/Sprites/Animations/Birds using Guid(2d2551c7a62386a4ab9aa3f91bf5d160) Importer(815301076,1909f56bfc062723c751e8b465ee728b)  -> (artifact id: '4b2be28fb81ab3e8eb1764056a1f92ae') in 0.005529 seconds 
  Import took 0.009004 seconds .

